This is pdfTeX, Version 3.14159265-2.6-1.40.16 (TeX Live 2015/Debian) (preloaded format=pdflatex 2015.8.14)  20 AUG 2015 10:51
entering extended mode
 restricted \write18 enabled.
 %&-line parsing enabled.
**PhD_AndreasFrancoisVermeulen_v000_01.tex
(./PhD_AndreasFrancoisVermeulen_v000_01.tex
LaTeX2e <2015/01/01>
Babel <3.9l> and hyphenation patterns for 2 languages loaded.
(./acm_proc_article-sp.cls
(/usr/share/texlive/texmf-dist/tex/latex/graphics/epsfig.sty
Package: epsfig 1999/02/16 v1.7a (e)psfig emulation (SPQR)

(/usr/share/texlive/texmf-dist/tex/latex/graphics/graphicx.sty
Package: graphicx 2014/10/28 v1.0g Enhanced LaTeX Graphics (DPC,SPQR)

(/usr/share/texlive/texmf-dist/tex/latex/graphics/keyval.sty
Package: keyval 2014/10/28 v1.15 key=value parser (DPC)
\KV@toks@=\toks14
)
(/usr/share/texlive/texmf-dist/tex/latex/graphics/graphics.sty
Package: graphics 2014/10/28 v1.0p Standard LaTeX Graphics (DPC,SPQR)

(/usr/share/texlive/texmf-dist/tex/latex/graphics/trig.sty
Package: trig 1999/03/16 v1.09 sin cos tan (DPC)
)
(/usr/share/texlive/texmf-dist/tex/latex/latexconfig/graphics.cfg
File: graphics.cfg 2010/04/23 v1.9 graphics configuration of TeX Live
)
Package graphics Info: Driver file: pdftex.def on input line 94.

(/usr/share/texlive/texmf-dist/tex/latex/pdftex-def/pdftex.def
File: pdftex.def 2011/05/27 v0.06d Graphics/color for pdfTeX

(/usr/share/texlive/texmf-dist/tex/generic/oberdiek/infwarerr.sty
Package: infwarerr 2010/04/08 v1.3 Providing info/warning/error messages (HO)
)
(/usr/share/texlive/texmf-dist/tex/generic/oberdiek/ltxcmds.sty
Package: ltxcmds 2011/11/09 v1.22 LaTeX kernel commands for general use (HO)
)
\Gread@gobject=\count79
))
\Gin@req@height=\dimen102
\Gin@req@width=\dimen103
)
\epsfxsize=\dimen104
\epsfysize=\dimen105
)
(/usr/share/texlive/texmf-dist/tex/latex/amsfonts/amssymb.sty
Package: amssymb 2013/01/14 v3.01 AMS font symbols

(/usr/share/texlive/texmf-dist/tex/latex/amsfonts/amsfonts.sty
Package: amsfonts 2013/01/14 v3.01 Basic AMSFonts support
\@emptytoks=\toks15
\symAMSa=\mathgroup4
\symAMSb=\mathgroup5
LaTeX Font Info:    Overwriting math alphabet `\mathfrak' in version `bold'
(Font)                  U/euf/m/n --> U/euf/b/n on input line 106.
))
(/usr/share/texlive/texmf-dist/tex/latex/amsmath/amsmath.sty
Package: amsmath 2013/01/14 v2.14 AMS math features
\@mathmargin=\skip41

For additional information on amsmath, use the `?' option.
(/usr/share/texlive/texmf-dist/tex/latex/amsmath/amstext.sty
Package: amstext 2000/06/29 v2.01

(/usr/share/texlive/texmf-dist/tex/latex/amsmath/amsgen.sty
File: amsgen.sty 1999/11/30 v2.0
\@emptytoks=\toks16
\ex@=\dimen106
))
(/usr/share/texlive/texmf-dist/tex/latex/amsmath/amsbsy.sty
Package: amsbsy 1999/11/29 v1.2d
\pmbraise@=\dimen107
)
(/usr/share/texlive/texmf-dist/tex/latex/amsmath/amsopn.sty
Package: amsopn 1999/12/14 v2.01 operator names
)
\inf@bad=\count80
LaTeX Info: Redefining \frac on input line 210.
\uproot@=\count81
\leftroot@=\count82
LaTeX Info: Redefining \overline on input line 306.
\classnum@=\count83
\DOTSCASE@=\count84
LaTeX Info: Redefining \ldots on input line 378.
LaTeX Info: Redefining \dots on input line 381.
LaTeX Info: Redefining \cdots on input line 466.
\Mathstrutbox@=\box26
\strutbox@=\box27
\big@size=\dimen108
LaTeX Font Info:    Redeclaring font encoding OML on input line 566.
LaTeX Font Info:    Redeclaring font encoding OMS on input line 567.
\macc@depth=\count85
\c@MaxMatrixCols=\count86
\dotsspace@=\muskip10
\c@parentequation=\count87
\dspbrk@lvl=\count88
\tag@help=\toks17
\row@=\count89
\column@=\count90
\maxfields@=\count91
\andhelp@=\toks18
\eqnshift@=\dimen109
\alignsep@=\dimen110
\tagshift@=\dimen111
\tagwidth@=\dimen112
\totwidth@=\dimen113
\lineht@=\dimen114
\@envbody=\toks19
\multlinegap=\skip42
\multlinetaggap=\skip43
\mathdisplay@stack=\toks20
LaTeX Info: Redefining \[ on input line 2665.
LaTeX Info: Redefining \] on input line 2666.
)
Document Class 'acm_proc_article-sp' <22nd. April '09>. Modified by G.K.M. Tobi
n
Based in part upon document Style `acmconf' <22 May 89>. Hacked 4/91 by
shivers@cs.cmu.edu, 4/93 by theobald@cs.mcgill.ca
Excerpts were taken from (Journal Style) 'esub2acm.cls'.
****** Bugs/comments/suggestions to Gerry Murray -- murray@hq.acm.org ******
\footheight=\dimen115
\@maxsep=\dimen116
\@dblmaxsep=\dimen117
\aucount=\count92
\originalaucount=\count93
\auwidth=\dimen118
\auskip=\dimen119
\auskipcount=\count94
\auskip=\dimen120
\allauboxes=\dimen121
\addauthors=\toks21
\addauflag=\count95
\subtitletext=\toks22
\savesection=\count96
\sectioncntr=\count97
\c@figure=\count98
\c@table=\count99
\titleboxnotes=\toks23
\titleboxnoteflag=\count100
Document Class: acm_proc_article-sp 2009/04/22 - V3.2SP - based on esub2acm.sty
 <23 April 96>
(/usr/share/texlive/texmf-dist/tex/latex/base/latexsym.sty
Package: latexsym 1998/08/17 v2.2e Standard LaTeX package (lasy symbols)
\symlasy=\mathgroup6
LaTeX Font Info:    Overwriting symbol font `lasy' in version `bold'
(Font)                  U/lasy/m/n --> U/lasy/b/n on input line 52.
)
\@acmtitlebox=\box28
\titlenotecount=\count101
\tntoks=\toks24
\tntokstwo=\toks25
\tntoksthree=\toks26
\tntoksfour=\toks27
\tntoksfive=\toks28
\catcount=\count102
\copyrightnotice=\toks29
\conf=\toks30
\confinfo=\toks31
\c@part=\count103
\c@section=\count104
\c@subsection=\count105
\c@subsubsection=\count106
\c@paragraph=\count107

Using 'Abbrev' bibliography style
LaTeX Info: Redefining \cite on input line 1236.
\bibindent=\dimen122
\colcntr=\count108
\saveb@x=\box29
\copyrtyr=\toks32
\acmcopyr=\toks33
\boilerplate=\toks34
\copyrightetc=\toks35
(/usr/share/texlive/texmf-dist/tex/latex/base/fontenc.sty
Package: fontenc 2005/09/27 v1.99g Standard LaTeX package

(/usr/share/texlive/texmf-dist/tex/latex/base/t1enc.def
File: t1enc.def 2005/09/27 v1.99g Standard LaTeX file
LaTeX Font Info:    Redeclaring font encoding T1 on input line 48.
)
LaTeX Font Info:    Try loading font information for T1+aer on input line 105.

(/usr/share/texlive/texmf-dist/tex/latex/ae/t1aer.fd
File: t1aer.fd 1997/11/16 Font definitions for T1/aer.
)))
(/usr/share/texlive/texmf-dist/tex/latex/hyperref/hyperref.sty
Package: hyperref 2012/11/06 v6.83m Hypertext links for LaTeX

(/usr/share/texlive/texmf-dist/tex/generic/oberdiek/hobsub-hyperref.sty
Package: hobsub-hyperref 2012/05/28 v1.13 Bundle oberdiek, subset hyperref (HO)


(/usr/share/texlive/texmf-dist/tex/generic/oberdiek/hobsub-generic.sty
Package: hobsub-generic 2012/05/28 v1.13 Bundle oberdiek, subset generic (HO)
Package: hobsub 2012/05/28 v1.13 Construct package bundles (HO)
Package hobsub Info: Skipping package `infwarerr' (already loaded).
Package hobsub Info: Skipping package `ltxcmds' (already loaded).
Package: ifluatex 2010/03/01 v1.3 Provides the ifluatex switch (HO)
Package ifluatex Info: LuaTeX not detected.
Package: ifvtex 2010/03/01 v1.5 Detect VTeX and its facilities (HO)
Package ifvtex Info: VTeX not detected.
Package: intcalc 2007/09/27 v1.1 Expandable calculations with integers (HO)
Package: ifpdf 2011/01/30 v2.3 Provides the ifpdf switch (HO)
Package ifpdf Info: pdfTeX in PDF mode is detected.
Package: etexcmds 2011/02/16 v1.5 Avoid name clashes with e-TeX commands (HO)
Package etexcmds Info: Could not find \expanded.
(etexcmds)             That can mean that you are not using pdfTeX 1.50 or
(etexcmds)             that some package has redefined \expanded.
(etexcmds)             In the latter case, load this package earlier.
Package: kvsetkeys 2012/04/25 v1.16 Key value parser (HO)
Package: kvdefinekeys 2011/04/07 v1.3 Define keys (HO)
Package: pdftexcmds 2011/11/29 v0.20 Utility functions of pdfTeX for LuaTeX (HO
)
Package pdftexcmds Info: LuaTeX not detected.
Package pdftexcmds Info: \pdf@primitive is available.
Package pdftexcmds Info: \pdf@ifprimitive is available.
Package pdftexcmds Info: \pdfdraftmode found.
Package: pdfescape 2011/11/25 v1.13 Implements pdfTeX's escape features (HO)
Package: bigintcalc 2012/04/08 v1.3 Expandable calculations on big integers (HO
)
Package: bitset 2011/01/30 v1.1 Handle bit-vector datatype (HO)
Package: uniquecounter 2011/01/30 v1.2 Provide unlimited unique counter (HO)
)
Package hobsub Info: Skipping package `hobsub' (already loaded).
Package: letltxmacro 2010/09/02 v1.4 Let assignment for LaTeX macros (HO)
Package: hopatch 2012/05/28 v1.2 Wrapper for package hooks (HO)
Package: xcolor-patch 2011/01/30 xcolor patch
Package: atveryend 2011/06/30 v1.8 Hooks at the very end of document (HO)
Package atveryend Info: \enddocument detected (standard20110627).
Package: atbegshi 2011/10/05 v1.16 At begin shipout hook (HO)
Package: refcount 2011/10/16 v3.4 Data extraction from label references (HO)
Package: hycolor 2011/01/30 v1.7 Color options for hyperref/bookmark (HO)
)
(/usr/share/texlive/texmf-dist/tex/generic/ifxetex/ifxetex.sty
Package: ifxetex 2010/09/12 v0.6 Provides ifxetex conditional
)
(/usr/share/texlive/texmf-dist/tex/latex/oberdiek/auxhook.sty
Package: auxhook 2011/03/04 v1.3 Hooks for auxiliary files (HO)
)
(/usr/share/texlive/texmf-dist/tex/latex/oberdiek/kvoptions.sty
Package: kvoptions 2011/06/30 v3.11 Key value format for package options (HO)
)
\@linkdim=\dimen123
\Hy@linkcounter=\count109
\Hy@pagecounter=\count110

(/usr/share/texlive/texmf-dist/tex/latex/hyperref/pd1enc.def
File: pd1enc.def 2012/11/06 v6.83m Hyperref: PDFDocEncoding definition (HO)
)
\Hy@SavedSpaceFactor=\count111

(/usr/share/texlive/texmf-dist/tex/latex/latexconfig/hyperref.cfg
File: hyperref.cfg 2002/06/06 v1.2 hyperref configuration of TeXLive
)
Package hyperref Info: Hyper figures OFF on input line 4443.
Package hyperref Info: Link nesting OFF on input line 4448.
Package hyperref Info: Hyper index ON on input line 4451.
Package hyperref Info: Plain pages OFF on input line 4458.
Package hyperref Info: Backreferencing OFF on input line 4463.
Package hyperref Info: Implicit mode ON; LaTeX internals redefined.
Package hyperref Info: Bookmarks ON on input line 4688.
\c@Hy@tempcnt=\count112

(/usr/share/texlive/texmf-dist/tex/latex/url/url.sty
\Urlmuskip=\muskip11
Package: url 2013/09/16  ver 3.4  Verb mode for urls, etc.
)
LaTeX Info: Redefining \url on input line 5041.
\XeTeXLinkMargin=\dimen124
\Fld@menulength=\count113
\Field@Width=\dimen125
\Fld@charsize=\dimen126
Package hyperref Info: Hyper figures OFF on input line 6295.
Package hyperref Info: Link nesting OFF on input line 6300.
Package hyperref Info: Hyper index ON on input line 6303.
Package hyperref Info: backreferencing OFF on input line 6310.
Package hyperref Info: Link coloring OFF on input line 6315.
Package hyperref Info: Link coloring with OCG OFF on input line 6320.
Package hyperref Info: PDF/A mode OFF on input line 6325.
LaTeX Info: Redefining \ref on input line 6365.
LaTeX Info: Redefining \pageref on input line 6369.


Package hyperref Warning: Option `pdfpagelabels' is turned off
(hyperref)                because \thepage is undefined.

\c@Item=\count114
\c@Hfootnote=\count115
)

Package hyperref Message: Driver (autodetected): hpdftex.

(/usr/share/texlive/texmf-dist/tex/latex/hyperref/hpdftex.def
File: hpdftex.def 2012/11/06 v6.83m Hyperref driver for pdfTeX
\Fld@listcount=\count116
\c@bookmark@seq@number=\count117

(/usr/share/texlive/texmf-dist/tex/latex/oberdiek/rerunfilecheck.sty
Package: rerunfilecheck 2011/04/15 v1.7 Rerun checks for auxiliary files (HO)
Package uniquecounter Info: New unique counter `rerunfilecheck' on input line 2
82.
)
\Hy@SectionHShift=\skip44
)
(./PhD_AndreasFrancoisVermeulen_v000_01.aux)
\openout1 = `PhD_AndreasFrancoisVermeulen_v000_01.aux'.

LaTeX Font Info:    Checking defaults for OML/cmm/m/it on input line 6.
LaTeX Font Info:    ... okay on input line 6.
LaTeX Font Info:    Checking defaults for T1/cmr/m/n on input line 6.
LaTeX Font Info:    ... okay on input line 6.
LaTeX Font Info:    Checking defaults for OT1/cmr/m/n on input line 6.
LaTeX Font Info:    ... okay on input line 6.
LaTeX Font Info:    Checking defaults for OMS/cmsy/m/n on input line 6.
LaTeX Font Info:    ... okay on input line 6.
LaTeX Font Info:    Checking defaults for OMX/cmex/m/n on input line 6.
LaTeX Font Info:    ... okay on input line 6.
LaTeX Font Info:    Checking defaults for U/cmr/m/n on input line 6.
LaTeX Font Info:    ... okay on input line 6.
LaTeX Font Info:    Checking defaults for PD1/pdf/m/n on input line 6.
LaTeX Font Info:    ... okay on input line 6.

(/usr/share/texlive/texmf-dist/tex/context/base/supp-pdf.mkii
[Loading MPS to PDF converter (version 2006.09.02).]
\scratchcounter=\count118
\scratchdimen=\dimen127
\scratchbox=\box30
\nofMPsegments=\count119
\nofMParguments=\count120
\everyMPshowfont=\toks36
\MPscratchCnt=\count121
\MPscratchDim=\dimen128
\MPnumerator=\count122
\makeMPintoPDFobject=\count123
\everyMPtoPDFconversion=\toks37
) (/usr/share/texlive/texmf-dist/tex/latex/oberdiek/epstopdf-base.sty
Package: epstopdf-base 2010/02/09 v2.5 Base part for package epstopdf

(/usr/share/texlive/texmf-dist/tex/latex/oberdiek/grfext.sty
Package: grfext 2010/08/19 v1.1 Manage graphics extensions (HO)
)
Package grfext Info: Graphics extension search list:
(grfext)             [.png,.jpg,.eps]
(grfext)             \AppendGraphicsExtensions on input line 452.

(/usr/share/texlive/texmf-dist/tex/latex/latexconfig/epstopdf-sys.cfg
File: epstopdf-sys.cfg 2010/07/13 v1.3 Configuration of (r)epstopdf for TeX Liv
e
))
\AtBeginShipoutBox=\box31


Package hyperref Warning: Height of page (\paperheight) is invalid (0.0pt),
(hyperref)                using 11in.

Package hyperref Info: Link coloring OFF on input line 6.
(/usr/share/texlive/texmf-dist/tex/latex/hyperref/nameref.sty
Package: nameref 2012/10/27 v2.43 Cross-referencing by name of section

(/usr/share/texlive/texmf-dist/tex/generic/oberdiek/gettitlestring.sty
Package: gettitlestring 2010/12/03 v1.4 Cleanup title references (HO)
)
\c@section@level=\count124
)
LaTeX Info: Redefining \ref on input line 6.
LaTeX Info: Redefining \pageref on input line 6.
LaTeX Info: Redefining \nameref on input line 6.

(./PhD_AndreasFrancoisVermeulen_v000_01.out)
(./PhD_AndreasFrancoisVermeulen_v000_01.out)
\@outlinefile=\write3
\openout3 = `PhD_AndreasFrancoisVermeulen_v000_01.out'.

LaTeX Font Info:    Try loading font information for U+msa on input line 31.

(/usr/share/texlive/texmf-dist/tex/latex/amsfonts/umsa.fd
File: umsa.fd 2013/01/14 v3.01 AMS symbols A
)
LaTeX Font Info:    Try loading font information for U+msb on input line 31.

(/usr/share/texlive/texmf-dist/tex/latex/amsfonts/umsb.fd
File: umsb.fd 2013/01/14 v3.01 AMS symbols B
)
LaTeX Font Info:    Try loading font information for U+lasy on input line 31.

(/usr/share/texlive/texmf-dist/tex/latex/base/ulasy.fd
File: ulasy.fd 1998/08/17 v2.2e LaTeX symbol font definitions
)
Overfull \hbox (9.5311pt too wide) in paragraph at lines 32--34
\T1/aer/m/it/9 cale het-ero-ge-neous com-put-ing and par-al-lel knowledge-extra
ction
 []


Underfull \vbox (badness 10000) has occurred while \output is active []


Overfull \hbox (26.0263pt too wide) in paragraph at lines 41--41
[]\secfnt Rapid In-for-ma-tion Fac-tory Frame-work (RIFF) 
 []

[1{/var/lib/texmf/fonts/map/pdftex/updmap/pdftex.map}


]
Overfull \hbox (3.61487pt too wide) in paragraph at lines 59--59
\subsecfnt like pipeline, farm and loop-back to for-mu-late more com-
 []


Underfull \vbox (badness 4492) has occurred while \output is active []


Overfull \hbox (1.87683pt too wide) in paragraph at lines 74--74
[]  []\subsecfnt The op-er-a-tional mange-ment layer is re-spon-si-ble to han-
 []

pdfTeX warning (ext4): destination with the same identifier (name{page.}) has b
een already used, duplicate ignored
<to be read again> 
                   \relax 
l.74 \paragraph
               {\textbf{Autonomous Node Transport (ANT) Definitions}} [2]
Overfull \hbox (4.94586pt too wide) in paragraph at lines 76--76
\subsecfnt be changed in the fu-ture as char-ac-ter-is-tics for new nodes
 []


Overfull \hbox (28.92563pt too wide) in paragraph at lines 77--77
\subsecfnt cov-ers the range from high-end servers and high-performance
 []


Overfull \hbox (3.15285pt too wide) in paragraph at lines 79--79
\subsecfnt the com-plete pro-cess of run-ning the het-ero-ge-neous com-
 []


Overfull \hbox (5.78569pt too wide) in paragraph at lines 82--82
[]  []\T1/aer/bx/n/9 Persistent Uni-form Pro-to-col Agree-ment (PUPA) Def-
 []


Overfull \hbox (10.68181pt too wide) in paragraph at lines 84--84
[]  []\T1/aer/bx/n/9 Persistent Uni-form Pro-to-col Agree-ment (PUPA) Man-
 []


Overfull \hbox (3.14166pt too wide) in paragraph at lines 85--85
[]  []\subsecfnt The per-sis-tent uni-form pro-to-col agree-ment man-age-ment
 []


Underfull \vbox (badness 1062) has occurred while \output is active []

pdfTeX warning (ext4): destination with the same identifier (name{page.}) has b
een already used, duplicate ignored
<to be read again> 
                   \relax 
l.97 \paragraph
               {\textbf{Execution Statistics}} [3]
Overfull \hbox (1.46913pt too wide) in paragraph at lines 99--99
[]  []\subsecfnt The ex-e-cu-tion statis-tics is the fun-da-men-tal per-for-man
ce
 []


Overfull \hbox (14.4717pt too wide) in paragraph at lines 101--101
[]  []\subsecfnt The Yoke or Poka-yoke is fun-da-men-tal pro-cess of "mistake-
 []


Overfull \hbox (1.60141pt too wide) in paragraph at lines 101--101
\subsecfnt fac-tory's fun-da-men-tal mon-i-tor-ing in-ter-face be-tween the
 []


Overfull \hbox (5.19778pt too wide) in paragraph at lines 123--123
[]  []\subsecfnt A non-functional re-quire-ment is a re-quire-ment that spec-
 []

pdfTeX warning (ext4): destination with the same identifier (name{page.}) has b
een already used, duplicate ignored
<to be read again> 
                   \relax 
l.135 \paragraph
                {States the capacity of the CPU, GPU, memory and disk storag...
[4]
Underfull \vbox (badness 1831) has occurred while \output is active []

pdfTeX warning (ext4): destination with the same identifier (name{page.}) has b
een already used, duplicate ignored
<to be read again> 
                   \relax 
l.177 \paragraph
                {The maintainability determines a system of continuous impro...
[5]pdfTeX warning (ext4): destination with the same identifier (name{page.}) ha
s been already used, duplicate ignored
<to be read again> 
                   \relax 
l.221 \paragraph
                {The horizontal and vertical scalability is the ratio the fa...
[6]
Underfull \vbox (badness 10000) has occurred while \output is active []


Overfull \hbox (1.61203pt too wide) in paragraph at lines 244--244
[]  []\subsecfnt The main-te-nance un-til-i-ties are pro-cesing struc-tures tha
t
 []

pdfTeX warning (ext4): destination with the same identifier (name{page.}) has b
een already used, duplicate ignored
<to be read again> 
                   \relax 
l.255 \paragraph
                {The output is a NEST script using HORUS scripts to be used ...
[7]pdfTeX warning (ext4): destination with the same identifier (name{page.}) ha
s been already used, duplicate ignored
<to be read again> 
                   \relax 
l.293 \subsubsection
                    {Transform Superstep} [8]pdfTeX warning (ext4): destination
 with the same identifier (name{page.}) has been already used, duplicate ignore
d
<to be read again> 
                   \relax 
l.330 \subsection
                 {Work Cells} [9]
Overfull \hbox (1.65683pt too wide) in paragraph at lines 336--336
\subsecfnt tonomous node trans-port sup-plies the pro-cess-ing power
 []


Underfull \vbox (badness 10000) has occurred while \output is active []


Overfull \hbox (2.77884pt too wide) in paragraph at lines 339--339
\subsecfnt trans-port that sup-plies the pro-cess-ing power and a mea-
 []


Overfull \hbox (18.9059pt too wide) in paragraph at lines 350--351
[]\T1/aer/m/n/9 Manage and en-force com-pli-ance to Sarbanes-Oxley, HIPPA,
 []

pdfTeX warning (ext4): destination with the same identifier (name{page.}) has b
een already used, duplicate ignored
<to be read again> 
                   \relax 
l.352 \item R
             apidly reduce business cycle time for implementing enhancements.
[10]
Overfull \hbox (15.83855pt too wide) in paragraph at lines 357--358
[]\T1/aer/m/n/9 Implement and De-ploy service-oriented ar-chi-tec-ture (SOA)
 []


Overfull \hbox (3.38359pt too wide) in paragraph at lines 364--364
\subsecfnt the pro-cess data workspace, a ref-er-ence data workspace
 []


Overfull \hbox (1.45901pt too wide) in paragraph at lines 366--366
\subsecfnt Tran-form data workspace, the or-gan-ise data workspace
 []


Underfull \vbox (badness 3291) has occurred while \output is active []


Overfull \hbox (6.959pt too wide) in paragraph at lines 385--385
\subsecfnt tonomous node trans-port and the spe-sific mea-sure agree-
 []

pdfTeX warning (ext4): destination with the same identifier (name{page.}) has b
een already used, duplicate ignored
<to be read again> 
                   \relax 
l.385 \subsubsection
                    {System Testing} [11]
Overfull \hbox (6.959pt too wide) in paragraph at lines 392--392
\subsecfnt tonomous node trans-port and the spe-sific mea-sure agree-
 []


Overfull \hbox (8.5871pt too wide) in paragraph at lines 397--397
\subsecfnt ing a re-mote as-sess-ment yoke, an ap-propi-ate au-tonomous
 []


Overfull \hbox (1.11786pt too wide) in paragraph at lines 415--415
[]  []\subsecfnt Prepare data for each ex-ploratory par-al-lel test to match
 []

pdfTeX warning (ext4): destination with the same identifier (name{page.}) has b
een already used, duplicate ignored
<to be read again> 
                   \relax 
l.416 \paragraph
                {Execute the exploratory parallel test instructions by combi...
[12]
Overfull \hbox (3.00916pt too wide) in paragraph at lines 419--419
[]  []\subsecfnt Execute the ex-ploratory par-al-lel test in-struc-tions in par
-
 []


Underfull \vbox (badness 10000) has occurred while \output is active []

pdfTeX warning (ext4): destination with the same identifier (name{page.}) has b
een already used, duplicate ignored
<to be read again> 
                   \relax 
l.456 \subsubsection
                    {Object (Hub)} [13]pdfTeX warning (ext4): destination with 
the same identifier (name{page.}) has been already used, duplicate ignored
<to be read again> 
                   \relax 
l.516 \section
              {Transform Layer - Sun Models} [14]
Overfull \hbox (3.2188pt too wide) in paragraph at lines 520--520
[]  []\subsecfnt The di-men-sion is the in-for-ma-tion com-po-nent of the busi-

 []


Overfull \hbox (5.7487pt too wide) in paragraph at lines 530--530
\subsecfnt many-to-many re-la-tion-ship within the di-men-sion schema
 []


Underfull \vbox (badness 10000) has occurred while \output is active []

pdfTeX warning (ext4): destination with the same identifier (name{page.}) has b
een already used, duplicate ignored
<to be read again> 
                   \relax 
l.539 \section
              {Schedule Framework} [15]
Overfull \hbox (286.31332pt too wide) detected at line 545
[]\OML/cmm/m/it/9 CycleTime \OT1/cmr/m/n/9 = \OML/cmm/m/it/9 ProcessSetupTime \
OT1/cmr/m/n/9 + \OML/cmm/m/it/9 ProcessTime \OT1/cmr/m/n/9 + \OML/cmm/m/it/9 Pr
ocessRecycleTime \OT1/cmr/m/n/9 + \OML/cmm/m/it/9 VerifySetupTime \OT1/cmr/m/n/
9 + \OML/cmm/m/it/9 VerifyTime \OT1/cmr/m/n/9 + \OML/cmm/m/it/9 VerifyRecycleTi
me
 []


Overfull \hbox (4.25276pt too wide) in paragraph at lines 548--548
\subsecfnt for analysing the cur-rent state and de-sign-ing a im-proved
 []


Overfull \hbox (1.74493pt too wide) in paragraph at lines 567--567
[]  []\subsecfnt RAPTOR flow must be as small as pos-si-ble. Each PUPA
 []


Underfull \vbox (badness 1137) has occurred while \output is active []

pdfTeX warning (ext4): destination with the same identifier (name{page.}) has b
een already used, duplicate ignored
<to be read again> 
                   \relax 
l.576 \paragraph
                {\textbf{Relevant}} [16]
Overfull \hbox (1.71098pt too wide) in paragraph at lines 592--592
\subsecfnt ver-ify tasks at-tached to the sched-uled PRISM con-trolled
 []


Underfull \vbox (badness 10000) has occurred while \output is active []

pdfTeX warning (ext4): destination with the same identifier (name{page.}) has b
een already used, duplicate ignored
<to be read again> 
                   \relax 
l.605 \section
              {Improvement Processes} [17]
Overfull \hbox (1.68063pt too wide) in paragraph at lines 617--618
[]\T1/aer/m/n/9 Poor in-ven-tory con-trol (ANTs, PU-PAs and Data Lake). 
 []


Overfull \hbox (6.56717pt too wide) in paragraph at lines 619--620
[]\T1/aer/m/n/9 Undocumented de-sign changes (ANTs, PU-PAs and Data
 []


Overfull \hbox (4.11838pt too wide) in paragraph at lines 626--627
[]\T1/aer/m/n/9 Unclear cus-tomer re-quire-ments, RAP-TOR PUPA's pro-
 []

pdfTeX warning (ext4): destination with the same identifier (name{page.}) has b
een already used, duplicate ignored
<to be read again> 
                   \relax 
l.664 \paragraph
                {Excess inventory is caused by:} [18]
Overfull \hbox (3.20789pt too wide) in paragraph at lines 687--687
\subsecfnt in or-der to com-plete a task: double-handling data, seek-
 []


Overfull \hbox (3.20746pt too wide) in paragraph at lines 687--687
\subsecfnt ing per-mis-sion dur-ing pro-cess-ing, un-nec-es-sary pro-cess-
 []


Overfull \hbox (6.94751pt too wide) in paragraph at lines 704--704
[]  []\subsecfnt Study the ac-tual re-sults (mea-sured and col-lected in "DO"
 []


Overfull \hbox (4.06604pt too wide) in paragraph at lines 706--706
[]\secfnt Define-Measure-Analyse-Improve-Control
 []

pdfTeX warning (ext4): destination with the same identifier (name{page.}) has b
een already used, duplicate ignored
<to be read again> 
                   \relax 
l.711 \subsubsection{Analyse}
                              [19]
Overfull \hbox (13.48131pt too wide) in paragraph at lines 722--722
[]  []\subsecfnt “A place for ev-ery-thing, and ev-ery-thing in its place.”

 []


Overfull \hbox (4.8221pt too wide) in paragraph at lines 730--730
[]\secfnt Rapid In-for-ma-tion Fac-tory Clus-ter (RIFC) 
 []


Overfull \hbox (10.50154pt too wide) in paragraph at lines 745--745
\subsecfnt of two hun-derd thou-sand ama-zon cloud nodes (d2.8xlarge
 []


Overfull \hbox (20.44554pt too wide) in paragraph at lines 746--746
[]  []\subsecfnt The hun-derd ama-zon graph-i-cal en-hanced nodes (g2.8xlarge
 []


Underfull \vbox (badness 1033) has occurred while \output is active []

pdfTeX warning (ext4): destination with the same identifier (name{page.}) has b
een already used, duplicate ignored
<to be read again> 
                   \relax 
l.750 \section
              {Experiments} [20]
Overfull \hbox (2.26253pt too wide) in paragraph at lines 756--756
[]  []\subsecfnt A001000003 - t2.medium - Ama-zon Cloud in-stance with
 []


Overfull \hbox (2.35048pt too wide) in paragraph at lines 769--769
[]  []\subsecfnt A001000016 - c4.2xlarge - Ama-zon Cloud in-stance with
 []


Overfull \hbox (1.96513pt too wide) in paragraph at lines 769--769
\subsecfnt 8 CPUs and 15 Mem-ory (GB) with 1000 mbps Through-
 []


Overfull \hbox (2.35048pt too wide) in paragraph at lines 770--770
[]  []\subsecfnt A001000017 - c4.4xlarge - Ama-zon Cloud in-stance with
 []


Overfull \hbox (7.46513pt too wide) in paragraph at lines 770--770
\subsecfnt 16 CPUs and 30 Mem-ory (GB) with 2000 mbps Through-
 []


Overfull \hbox (2.35048pt too wide) in paragraph at lines 771--771
[]  []\subsecfnt A001000018 - c4.8xlarge - Ama-zon Cloud in-stance with
 []


Overfull \hbox (7.46513pt too wide) in paragraph at lines 771--771
\subsecfnt 36 CPUs and 60 Mem-ory (GB) with 4000 mbps Through-
 []


Overfull \hbox (2.35048pt too wide) in paragraph at lines 774--774
[]  []\subsecfnt A001000021 - c3.2xlarge - Ama-zon Cloud in-stance with
 []


Overfull \hbox (2.35048pt too wide) in paragraph at lines 775--775
[]  []\subsecfnt A001000022 - c3.4xlarge - Ama-zon Cloud in-stance with
 []


Overfull \hbox (2.35048pt too wide) in paragraph at lines 776--776
[]  []\subsecfnt A001000023 - c3.8xlarge - Ama-zon Cloud in-stance with
 []


Underfull \vbox (badness 10000) has occurred while \output is active []

pdfTeX warning (ext4): destination with the same identifier (name{page.}) has b
een already used, duplicate ignored
<to be read again> 
                   \relax 
l.776 \paragraph
                {A001000024 - r3.large - Amazon Cloud instance with 2 CPUs a...
[21]
Overfull \hbox (1.74544pt too wide) in paragraph at lines 779--779
[]  []\subsecfnt A001000026 - r3.2xlarge - Ama-zon Cloud in-stance with
 []


Overfull \hbox (1.74544pt too wide) in paragraph at lines 780--780
[]  []\subsecfnt A001000027 - r3.4xlarge - Ama-zon Cloud in-stance with
 []


Overfull \hbox (1.74544pt too wide) in paragraph at lines 781--781
[]  []\subsecfnt A001000028 - r3.8xlarge - Ama-zon Cloud in-stance with
 []


Overfull \hbox (2.96655pt too wide) in paragraph at lines 782--782
[]  []\subsecfnt A001000029 - g2.2xlarge - Ama-zon Cloud in-stance with
 []


Overfull \hbox (2.96655pt too wide) in paragraph at lines 783--783
[]  []\subsecfnt A001000030 - g2.8xlarge - Ama-zon Cloud in-stance with
 []


Overfull \hbox (2.96655pt too wide) in paragraph at lines 789--789
[]  []\subsecfnt A001000036 - d2.2xlarge - Ama-zon Cloud in-stance with
 []


Overfull \hbox (2.96655pt too wide) in paragraph at lines 790--790
[]  []\subsecfnt A001000037 - d2.4xlarge - Ama-zon Cloud in-stance with
 []


Overfull \hbox (2.96655pt too wide) in paragraph at lines 792--792
[]  []\subsecfnt A001000038 - d2.8xlarge - Ama-zon Cloud in-stance with
 []

pdfTeX warning (ext4): destination with the same identifier (name{page.}) has b
een already used, duplicate ignored
<to be read again> 
                   \relax 
l.805 \paragraph
                {ANT002000010 - Prediction API} [22]
Overfull \hbox (2.26253pt too wide) in paragraph at lines 824--824
[]  []\subsecfnt A001000003 - t2.medium - Ama-zon Cloud in-stance with
 []


Overfull \hbox (2.35048pt too wide) in paragraph at lines 837--837
[]  []\subsecfnt A001000016 - c4.2xlarge - Ama-zon Cloud in-stance with
 []


Overfull \hbox (1.96513pt too wide) in paragraph at lines 837--837
\subsecfnt 8 CPUs and 15 Mem-ory (GB) with 1000 mbps Through-
 []

pdfTeX warning (ext4): destination with the same identifier (name{page.}) has b
een already used, duplicate ignored
<to be read again> 
                   \relax 
l.837 \paragraph
                {A001000017 - c4.4xlarge - Amazon Cloud instance with 16 CPU...
[23]
Overfull \hbox (2.35048pt too wide) in paragraph at lines 838--838
[]  []\subsecfnt A001000017 - c4.4xlarge - Ama-zon Cloud in-stance with
 []


Overfull \hbox (7.46513pt too wide) in paragraph at lines 838--838
\subsecfnt 16 CPUs and 30 Mem-ory (GB) with 2000 mbps Through-
 []


Overfull \hbox (2.35048pt too wide) in paragraph at lines 839--839
[]  []\subsecfnt A001000018 - c4.8xlarge - Ama-zon Cloud in-stance with
 []


Overfull \hbox (7.46513pt too wide) in paragraph at lines 839--839
\subsecfnt 36 CPUs and 60 Mem-ory (GB) with 4000 mbps Through-
 []


Overfull \hbox (2.35048pt too wide) in paragraph at lines 842--842
[]  []\subsecfnt A001000021 - c3.2xlarge - Ama-zon Cloud in-stance with
 []


Overfull \hbox (2.35048pt too wide) in paragraph at lines 843--843
[]  []\subsecfnt A001000022 - c3.4xlarge - Ama-zon Cloud in-stance with
 []


Overfull \hbox (2.35048pt too wide) in paragraph at lines 844--844
[]  []\subsecfnt A001000023 - c3.8xlarge - Ama-zon Cloud in-stance with
 []


Overfull \hbox (1.74544pt too wide) in paragraph at lines 847--847
[]  []\subsecfnt A001000026 - r3.2xlarge - Ama-zon Cloud in-stance with
 []


Overfull \hbox (1.74544pt too wide) in paragraph at lines 848--848
[]  []\subsecfnt A001000027 - r3.4xlarge - Ama-zon Cloud in-stance with
 []


Overfull \hbox (1.74544pt too wide) in paragraph at lines 849--849
[]  []\subsecfnt A001000028 - r3.8xlarge - Ama-zon Cloud in-stance with
 []


Overfull \hbox (2.96655pt too wide) in paragraph at lines 850--850
[]  []\subsecfnt A001000029 - g2.2xlarge - Ama-zon Cloud in-stance with
 []


Overfull \hbox (2.96655pt too wide) in paragraph at lines 851--851
[]  []\subsecfnt A001000030 - g2.8xlarge - Ama-zon Cloud in-stance with
 []


Overfull \hbox (2.96655pt too wide) in paragraph at lines 857--857
[]  []\subsecfnt A001000036 - d2.2xlarge - Ama-zon Cloud in-stance with
 []


Overfull \hbox (2.96655pt too wide) in paragraph at lines 858--858
[]  []\subsecfnt A001000037 - d2.4xlarge - Ama-zon Cloud in-stance with
 []


Overfull \hbox (2.96655pt too wide) in paragraph at lines 859--859
[]  []\subsecfnt A001000038 - d2.8xlarge - Ama-zon Cloud in-stance with
 []

pdfTeX warning (ext4): destination with the same identifier (name{page.}) has b
een already used, duplicate ignored
<to be read again> 
                   \relax 
l.862 \paragraph
                {ANT002000003 - Container Engine} [24]
Overfull \hbox (5.82565pt too wide) in paragraph at lines 901--901
\subsecfnt math-e-mat-ics and sci-en-tific com-put-ing us-ing Fast Fourier
 []

pdfTeX warning (ext4): destination with the same identifier (name{page.}) has b
een already used, duplicate ignored
<to be read again> 
                   \relax 
l.901 \paragraph
                {Data is operated in the spectral domain, often transformed ...
[25]
Overfull \hbox (6.25658pt too wide) in paragraph at lines 920--920
[]\subsecfnt PUPA002000011 - Back-track and Branch-and-
 []


Overfull \hbox (11.9087pt too wide) in paragraph at lines 925--925
[]  []\subsecfnt Graphical mod-els in-clude Bayesian net-works (also known
 []

pdfTeX warning (ext4): destination with the same identifier (name{page.}) has b
een already used, duplicate ignored
<to be read again> 
                   \relax 
l.936 \subsection
                 {Apache Giraph} [26]
Underfull \vbox (badness 10000) has occurred while \output is active []


Overfull \hbox (1.43674pt too wide) in paragraph at lines 945--945
\subsecfnt com-plex graph traver-sals in real time. It sup-ports ACID
 []


Underfull \vbox (badness 10000) has occurred while \output is active []

pdfTeX warning (ext4): destination with the same identifier (name{page.}) has b
een already used, duplicate ignored
<to be read again> 
                   \relax 
l.951 \bibliography
                   {andreasfrancoisvermeulen} [27]
(./PhD_AndreasFrancoisVermeulen_v000_01.bbl)
Package atveryend Info: Empty hook `BeforeClearDocument' on input line 953.
pdfTeX warning (ext4): destination with the same identifier (name{page.}) has b
een already used, duplicate ignored
<to be read again> 
                   \relax 
l.953 \end{document}
                     [28]
Package atveryend Info: Empty hook `AfterLastShipout' on input line 953.
 (./PhD_AndreasFrancoisVermeulen_v000_01.aux)
Package atveryend Info: Empty hook `AtVeryEndDocument' on input line 953.
Package atveryend Info: Executing hook `AtEndAfterFileList' on input line 953.
Package rerunfilecheck Info: File `PhD_AndreasFrancoisVermeulen_v000_01.out' ha
s not changed.
(rerunfilecheck)             Checksum: 898C9126803097FE4170470B8D5F3182;13316.
Package atveryend Info: Empty hook `AtVeryVeryEnd' on input line 953.
 ) 
Here is how much of TeX's memory you used:
 7110 strings out of 495000
 101063 string characters out of 6181169
 176043 words of memory out of 5000000
 9607 multiletter control sequences out of 15000+600000
 53295 words of font info for 75 fonts, out of 8000000 for 9000
 14 hyphenation exceptions out of 8191
 41i,10n,29p,851b,396s stack positions out of 5000i,500n,10000p,200000b,80000s
{/usr/share/texlive/texmf-dist/fonts/enc/dvips/base/8r.enc}</usr/share/texliv
e/texmf-dist/fonts/type1/public/amsfonts/cm/cmbx9.pfb></usr/share/texlive/texmf
-dist/fonts/type1/public/amsfonts/cm/cmcsc10.pfb></usr/share/texlive/texmf-dist
/fonts/type1/public/amsfonts/cm/cmmi9.pfb></usr/share/texlive/texmf-dist/fonts/
type1/public/amsfonts/cm/cmr8.pfb></usr/share/texlive/texmf-dist/fonts/type1/pu
blic/amsfonts/cm/cmr9.pfb></usr/share/texlive/texmf-dist/fonts/type1/public/ams
fonts/cm/cmsy9.pfb></usr/share/texlive/texmf-dist/fonts/type1/public/amsfonts/c
m/cmti9.pfb></usr/share/texlive/texmf-dist/fonts/type1/urw/helvetic/uhvb8a.pfb>
</usr/share/texlive/texmf-dist/fonts/type1/urw/helvetic/uhvr8a.pfb></usr/share/
texlive/texmf-dist/fonts/type1/urw/times/utmb8a.pfb></usr/share/texlive/texmf-d
ist/fonts/type1/urw/times/utmri8a.pfb>
Output written on PhD_AndreasFrancoisVermeulen_v000_01.pdf (28 pages, 244656 by
tes).
PDF statistics:
 1453 PDF objects out of 1728 (max. 8388607)
 1398 compressed objects within 14 object streams
 638 named destinations out of 1000 (max. 500000)
 1361 words of extra memory for PDF output out of 10000 (max. 10000000)

