\BOOKMARK [1][-]{section.1}{Research Question}{}% 1
\BOOKMARK [1][-]{section.2}{Rapid Information Factory \(RIF\)}{}% 2
\BOOKMARK [2][-]{subsection.2.1}{Rapid Information Factory Framework \(RIFF\)}{section.2}% 3
\BOOKMARK [3][-]{subsubsection.2.1.1}{Functional Layer}{subsection.2.1}% 4
\BOOKMARK [3][-]{subsubsection.2.1.2}{Operational Management Layer}{subsection.2.1}% 5
\BOOKMARK [3][-]{subsubsection.2.1.3}{Audit, Balance and Control Layer}{subsection.2.1}% 6
\BOOKMARK [3][-]{subsubsection.2.1.4}{Business Layer}{subsection.2.1}% 7
\BOOKMARK [3][-]{subsubsection.2.1.5}{Utility Layer}{subsection.2.1}% 8
\BOOKMARK [2][-]{subsection.2.2}{Functional Layer}{section.2}% 9
\BOOKMARK [3][-]{subsubsection.2.2.1}{Retrieve Superstep}{subsection.2.2}% 10
\BOOKMARK [3][-]{subsubsection.2.2.2}{Assess Superstep}{subsection.2.2}% 11
\BOOKMARK [3][-]{subsubsection.2.2.3}{Process Superstep}{subsection.2.2}% 12
\BOOKMARK [3][-]{subsubsection.2.2.4}{Transform Superstep}{subsection.2.2}% 13
\BOOKMARK [3][-]{subsubsection.2.2.5}{Organise Superstep}{subsection.2.2}% 14
\BOOKMARK [3][-]{subsubsection.2.2.6}{Report Superstep}{subsection.2.2}% 15
\BOOKMARK [2][-]{subsection.2.3}{Work Cells}{section.2}% 16
\BOOKMARK [3][-]{subsubsection.2.3.1}{Monitor Work Cell}{subsection.2.3}% 17
\BOOKMARK [3][-]{subsubsection.2.3.2}{Processing Work Cell}{subsection.2.3}% 18
\BOOKMARK [3][-]{subsubsection.2.3.3}{Measure Work Cell}{subsection.2.3}% 19
\BOOKMARK [2][-]{subsection.2.4}{Rapid Information Factory Data Sources}{section.2}% 20
\BOOKMARK [3][-]{subsubsection.2.4.1}{Retrieve Data Sources}{subsection.2.4}% 21
\BOOKMARK [3][-]{subsubsection.2.4.2}{Assess Data Sources}{subsection.2.4}% 22
\BOOKMARK [3][-]{subsubsection.2.4.3}{Process Data Sources}{subsection.2.4}% 23
\BOOKMARK [3][-]{subsubsection.2.4.4}{Data Vault}{subsection.2.4}% 24
\BOOKMARK [3][-]{subsubsection.2.4.5}{Transform Data Sources}{subsection.2.4}% 25
\BOOKMARK [3][-]{subsubsection.2.4.6}{Organise Data Sources}{subsection.2.4}% 26
\BOOKMARK [3][-]{subsubsection.2.4.7}{Report Data Sources}{subsection.2.4}% 27
\BOOKMARK [1][-]{section.3}{Rapid Test Framework}{}% 28
\BOOKMARK [2][-]{subsection.3.1}{Unit testing}{section.3}% 29
\BOOKMARK [3][-]{subsubsection.3.1.1}{Static Testing}{subsection.3.1}% 30
\BOOKMARK [2][-]{subsection.3.2}{Solution Testing}{section.3}% 31
\BOOKMARK [3][-]{subsubsection.3.2.1}{Link Testing}{subsection.3.2}% 32
\BOOKMARK [3][-]{subsubsection.3.2.2}{System Testing}{subsection.3.2}% 33
\BOOKMARK [3][-]{subsubsection.3.2.3}{Performance Testing}{subsection.3.2}% 34
\BOOKMARK [2][-]{subsection.3.3}{Acceptance Testing}{section.3}% 35
\BOOKMARK [3][-]{subsubsection.3.3.1}{Acceptance Testing}{subsection.3.3}% 36
\BOOKMARK [3][-]{subsubsection.3.3.2}{Exploratory Parallel Testing}{subsection.3.3}% 37
\BOOKMARK [1][-]{section.4}{Process Layer - Data Vault}{}% 38
\BOOKMARK [2][-]{subsection.4.1}{Time-People-Object-Location-Event}{section.4}% 39
\BOOKMARK [3][-]{subsubsection.4.1.1}{Time \(Hub\)}{subsection.4.1}% 40
\BOOKMARK [3][-]{subsubsection.4.1.2}{Time Details \(Satellite\)}{subsection.4.1}% 41
\BOOKMARK [3][-]{subsubsection.4.1.3}{People \(Hub\)}{subsection.4.1}% 42
\BOOKMARK [3][-]{subsubsection.4.1.4}{People Details \(Satellite\)}{subsection.4.1}% 43
\BOOKMARK [3][-]{subsubsection.4.1.5}{Object \(Hub\)}{subsection.4.1}% 44
\BOOKMARK [3][-]{subsubsection.4.1.6}{Object Details \(Satellite\)}{subsection.4.1}% 45
\BOOKMARK [3][-]{subsubsection.4.1.7}{Location \(Hub\)}{subsection.4.1}% 46
\BOOKMARK [3][-]{subsubsection.4.1.8}{Location Details \(Satellite\)}{subsection.4.1}% 47
\BOOKMARK [3][-]{subsubsection.4.1.9}{Event \(Hub\)}{subsection.4.1}% 48
\BOOKMARK [3][-]{subsubsection.4.1.10}{Event Details \(Satellite\)}{subsection.4.1}% 49
\BOOKMARK [3][-]{subsubsection.4.1.11}{Time People \(Link\)}{subsection.4.1}% 50
\BOOKMARK [3][-]{subsubsection.4.1.12}{Time Object \(Link\)}{subsection.4.1}% 51
\BOOKMARK [3][-]{subsubsection.4.1.13}{Time Location \(Link\)}{subsection.4.1}% 52
\BOOKMARK [3][-]{subsubsection.4.1.14}{Time Event \(Link\)}{subsection.4.1}% 53
\BOOKMARK [3][-]{subsubsection.4.1.15}{People Object \(Link\)}{subsection.4.1}% 54
\BOOKMARK [3][-]{subsubsection.4.1.16}{People Location \(Link\)}{subsection.4.1}% 55
\BOOKMARK [3][-]{subsubsection.4.1.17}{People Event \(Link\)}{subsection.4.1}% 56
\BOOKMARK [3][-]{subsubsection.4.1.18}{People People \(Link\)}{subsection.4.1}% 57
\BOOKMARK [3][-]{subsubsection.4.1.19}{Object Location \(Link\)}{subsection.4.1}% 58
\BOOKMARK [3][-]{subsubsection.4.1.20}{Object Event \(Link\)}{subsection.4.1}% 59
\BOOKMARK [3][-]{subsubsection.4.1.21}{Object object \(Link\)}{subsection.4.1}% 60
\BOOKMARK [3][-]{subsubsection.4.1.22}{Location Event \(Link\)}{subsection.4.1}% 61
\BOOKMARK [3][-]{subsubsection.4.1.23}{Location location \(Link\)}{subsection.4.1}% 62
\BOOKMARK [3][-]{subsubsection.4.1.24}{Event Event \(Link\)}{subsection.4.1}% 63
\BOOKMARK [1][-]{section.5}{Transform Layer - Sun Models}{}% 64
\BOOKMARK [2][-]{subsection.5.1}{Dimensions}{section.5}% 65
\BOOKMARK [3][-]{subsubsection.5.1.1}{Type 0 Dimension}{subsection.5.1}% 66
\BOOKMARK [3][-]{subsubsection.5.1.2}{Type 1 Dimension}{subsection.5.1}% 67
\BOOKMARK [3][-]{subsubsection.5.1.3}{Type 2 Dimension}{subsection.5.1}% 68
\BOOKMARK [3][-]{subsubsection.5.1.4}{Outrigger Dimension}{subsection.5.1}% 69
\BOOKMARK [3][-]{subsubsection.5.1.5}{Bridge Dimension}{subsection.5.1}% 70
\BOOKMARK [3][-]{subsubsection.5.1.6}{Mini Dimension}{subsection.5.1}% 71
\BOOKMARK [2][-]{subsection.5.2}{Facts}{section.5}% 72
\BOOKMARK [3][-]{subsubsection.5.2.1}{Measures}{subsection.5.2}% 73
\BOOKMARK [3][-]{subsubsection.5.2.2}{Factless}{subsection.5.2}% 74
\BOOKMARK [1][-]{section.6}{Schedule Framework}{}% 75
\BOOKMARK [2][-]{subsection.6.1}{Cycle Time}{section.6}% 76
\BOOKMARK [2][-]{subsection.6.2}{Value Stream}{section.6}% 77
\BOOKMARK [2][-]{subsection.6.3}{Value Added Procesing Time}{section.6}% 78
\BOOKMARK [2][-]{subsection.6.4}{Non Value Added Procesing Time}{section.6}% 79
\BOOKMARK [2][-]{subsection.6.5}{Production Lead Time}{section.6}% 80
\BOOKMARK [2][-]{subsection.6.6}{Schedule Backlog}{section.6}% 81
\BOOKMARK [3][-]{subsubsection.6.6.1}{INVEST RAPTOR flow}{subsection.6.6}% 82
\BOOKMARK [3][-]{subsubsection.6.6.2}{SMART Tasks}{subsection.6.6}% 83
\BOOKMARK [2][-]{subsection.6.7}{Active Process Backlog}{section.6}% 84
\BOOKMARK [2][-]{subsection.6.8}{Active Process Work Cells}{section.6}% 85
\BOOKMARK [3][-]{subsubsection.6.8.1}{Process Set-up Time}{subsection.6.8}% 86
\BOOKMARK [3][-]{subsubsection.6.8.2}{Process Run Time}{subsection.6.8}% 87
\BOOKMARK [3][-]{subsubsection.6.8.3}{Process Reset Time}{subsection.6.8}% 88
\BOOKMARK [2][-]{subsection.6.9}{Verify Backlog}{section.6}% 89
\BOOKMARK [2][-]{subsection.6.10}{Active Verify Backlog}{section.6}% 90
\BOOKMARK [2][-]{subsection.6.11}{Active Verify Work Cells}{section.6}% 91
\BOOKMARK [3][-]{subsubsection.6.11.1}{Verify Set-up Time}{subsection.6.11}% 92
\BOOKMARK [3][-]{subsubsection.6.11.2}{Verify Run Time}{subsection.6.11}% 93
\BOOKMARK [3][-]{subsubsection.6.11.3}{Verify Reset Time}{subsection.6.11}% 94
\BOOKMARK [2][-]{subsection.6.12}{Information Process Log}{section.6}% 95
\BOOKMARK [1][-]{section.7}{Improvement Processes}{}% 96
\BOOKMARK [2][-]{subsection.7.1}{The 8 Wastes}{section.7}% 97
\BOOKMARK [3][-]{subsubsection.7.1.1}{Defects.}{subsection.7.1}% 98
\BOOKMARK [3][-]{subsubsection.7.1.2}{Overproduction.}{subsection.7.1}% 99
\BOOKMARK [3][-]{subsubsection.7.1.3}{Waiting}{subsection.7.1}% 100
\BOOKMARK [3][-]{subsubsection.7.1.4}{Non-Utilised Talent}{subsection.7.1}% 101
\BOOKMARK [3][-]{subsubsection.7.1.5}{Transportation}{subsection.7.1}% 102
\BOOKMARK [3][-]{subsubsection.7.1.6}{Inventory}{subsection.7.1}% 103
\BOOKMARK [3][-]{subsubsection.7.1.7}{Motion}{subsection.7.1}% 104
\BOOKMARK [3][-]{subsubsection.7.1.8}{Extra-processing}{subsection.7.1}% 105
\BOOKMARK [2][-]{subsection.7.2}{Plan-Do-Act-Check Improvement Process}{section.7}% 106
\BOOKMARK [3][-]{subsubsection.7.2.1}{Plan}{subsection.7.2}% 107
\BOOKMARK [3][-]{subsubsection.7.2.2}{Do}{subsection.7.2}% 108
\BOOKMARK [3][-]{subsubsection.7.2.3}{Check}{subsection.7.2}% 109
\BOOKMARK [3][-]{subsubsection.7.2.4}{Act}{subsection.7.2}% 110
\BOOKMARK [2][-]{subsection.7.3}{Define-Measure-Analyse-Improve-Control Improvement Process}{section.7}% 111
\BOOKMARK [3][-]{subsubsection.7.3.1}{Define}{subsection.7.3}% 112
\BOOKMARK [3][-]{subsubsection.7.3.2}{Measure}{subsection.7.3}% 113
\BOOKMARK [3][-]{subsubsection.7.3.3}{Analyse}{subsection.7.3}% 114
\BOOKMARK [3][-]{subsubsection.7.3.4}{Improve}{subsection.7.3}% 115
\BOOKMARK [3][-]{subsubsection.7.3.5}{Control}{subsection.7.3}% 116
\BOOKMARK [2][-]{subsection.7.4}{Lean Six Sigma: 5S}{section.7}% 117
\BOOKMARK [3][-]{subsubsection.7.4.1}{Sort}{subsection.7.4}% 118
\BOOKMARK [3][-]{subsubsection.7.4.2}{Set in Order}{subsection.7.4}% 119
\BOOKMARK [3][-]{subsubsection.7.4.3}{Shine}{subsection.7.4}% 120
\BOOKMARK [3][-]{subsubsection.7.4.4}{Standardise}{subsection.7.4}% 121
\BOOKMARK [3][-]{subsubsection.7.4.5}{Systematise}{subsection.7.4}% 122
\BOOKMARK [2][-]{subsection.7.5}{Rapid Information Factory Cluster \(RIFC\)}{section.7}% 123
\BOOKMARK [3][-]{subsubsection.7.5.1}{3D Torus Network Framework}{subsection.7.5}% 124
\BOOKMARK [3][-]{subsubsection.7.5.2}{MapR Data Lake}{subsection.7.5}% 125
\BOOKMARK [3][-]{subsubsection.7.5.3}{Titan Graph Data Lake}{subsection.7.5}% 126
\BOOKMARK [3][-]{subsubsection.7.5.4}{Cassandra Data Lake}{subsection.7.5}% 127
\BOOKMARK [1][-]{section.8}{Experiments}{}% 128
\BOOKMARK [2][-]{subsection.8.1}{Autonomous Node Transport - Build Test}{section.8}% 129
\BOOKMARK [3][-]{subsubsection.8.1.1}{Amazon Web Services ANTs}{subsection.8.1}% 130
\BOOKMARK [3][-]{subsubsection.8.1.2}{Google Cloud Platform ANTs}{subsection.8.1}% 131
\BOOKMARK [3][-]{subsubsection.8.1.3}{OpenStack ANTs}{subsection.8.1}% 132
\BOOKMARK [3][-]{subsubsection.8.1.4}{Physical Cluster ANTs}{subsection.8.1}% 133
\BOOKMARK [2][-]{subsection.8.2}{Persistent Uniform Protocol Agreements - Build Test}{section.8}% 134
\BOOKMARK [3][-]{subsubsection.8.2.1}{Amazon Web Services ANTs}{subsection.8.2}% 135
\BOOKMARK [3][-]{subsubsection.8.2.2}{Google Cloud Platform ANTs}{subsection.8.2}% 136
\BOOKMARK [3][-]{subsubsection.8.2.3}{OpenStack ANTs}{subsection.8.2}% 137
\BOOKMARK [3][-]{subsubsection.8.2.4}{Physical Cluster ANTs}{subsection.8.2}% 138
\BOOKMARK [2][-]{subsection.8.3}{Persistent Uniform Protocol Agreement - Process \(Fundamental\)}{section.8}% 139
\BOOKMARK [3][-]{subsubsection.8.3.1}{PUPA001000001 - Sort 1,000 keys assending}{subsection.8.3}% 140
\BOOKMARK [3][-]{subsubsection.8.3.2}{PUPA001000002 - Sort 1,000,000 keys assending}{subsection.8.3}% 141
\BOOKMARK [3][-]{subsubsection.8.3.3}{PUPA001000003 - Sort 1,000,000,000 keys assending}{subsection.8.3}% 142
\BOOKMARK [3][-]{subsubsection.8.3.4}{PUPA001000004 - Sort 1,000 keys across 10 nodes assending}{subsection.8.3}% 143
\BOOKMARK [3][-]{subsubsection.8.3.5}{PUPA001000005 - Sort 1,000,000 keys across 10 nodes assending}{subsection.8.3}% 144
\BOOKMARK [3][-]{subsubsection.8.3.6}{PUPA001000006 - Sort 1,000,000,000 keys 10 nodes assending}{subsection.8.3}% 145
\BOOKMARK [2][-]{subsection.8.4}{Persistent Uniform Protocol Agreement - Process \(Advance\)}{section.8}% 146
\BOOKMARK [3][-]{subsubsection.8.4.1}{PUPA002000001 - Dense Linear Algebra}{subsection.8.4}% 147
\BOOKMARK [3][-]{subsubsection.8.4.2}{PUPA002000002 - Sparse Linear Algebra}{subsection.8.4}% 148
\BOOKMARK [3][-]{subsubsection.8.4.3}{PUPA002000003 - Spectral Methods}{subsection.8.4}% 149
\BOOKMARK [3][-]{subsubsection.8.4.4}{PUPA002000004 - N-Body Methods}{subsection.8.4}% 150
\BOOKMARK [3][-]{subsubsection.8.4.5}{PUPA002000005 - Structured Grids}{subsection.8.4}% 151
\BOOKMARK [3][-]{subsubsection.8.4.6}{PUPA002000006 - Unstructured Grids}{subsection.8.4}% 152
\BOOKMARK [3][-]{subsubsection.8.4.7}{PUPA002000007 - Monte Carlo Simulations}{subsection.8.4}% 153
\BOOKMARK [3][-]{subsubsection.8.4.8}{PUPA002000008 - Combinational Logic}{subsection.8.4}% 154
\BOOKMARK [3][-]{subsubsection.8.4.9}{PUPA002000009 - Graph Traversal}{subsection.8.4}% 155
\BOOKMARK [3][-]{subsubsection.8.4.10}{PUPA002000010 - Dynamic Programming}{subsection.8.4}% 156
\BOOKMARK [3][-]{subsubsection.8.4.11}{PUPA002000011 - Backtrack and Branch-and-Bound}{subsection.8.4}% 157
\BOOKMARK [3][-]{subsubsection.8.4.12}{PUPA002000012 - Graphical Models}{subsection.8.4}% 158
\BOOKMARK [3][-]{subsubsection.8.4.13}{PUPA002000013 - Finite State Machine}{subsection.8.4}% 159
\BOOKMARK [2][-]{subsection.8.5}{Persistent Uniform Protocol Agreement - Verify}{section.8}% 160
\BOOKMARK [3][-]{subsubsection.8.5.1}{?????????????????????????}{subsection.8.5}% 161
\BOOKMARK [3][-]{subsubsection.8.5.2}{?????????????????????????}{subsection.8.5}% 162
\BOOKMARK [3][-]{subsubsection.8.5.3}{?????????????????????????}{subsection.8.5}% 163
\BOOKMARK [2][-]{subsection.8.6}{Apache Hama}{section.8}% 164
\BOOKMARK [2][-]{subsection.8.7}{Apache Giraph}{section.8}% 165
\BOOKMARK [2][-]{subsection.8.8}{Weaver}{section.8}% 166
\BOOKMARK [2][-]{subsection.8.9}{Medusa}{section.8}% 167
\BOOKMARK [2][-]{subsection.8.10}{Titan}{section.8}% 168
\BOOKMARK [1][-]{section.9}{Results}{}% 169
\BOOKMARK [1][-]{section.10}{References}{}% 170
